

*******************************************************************************
Fri Sep 25 21:23:07 2015


FIT:    data read from 'plots/1.dat' u 1:2:3
        format = x:z:s
        #datapoints = 4
function used for fitting: f(x)
fitted parameters initialized with current variable values



 Iteration 0
 WSSR        : 11961             delta(WSSR)/WSSR   : 0
 delta(WSSR) : 0                 limit for stopping : 1e-05
 lambda	  : 15.0042

initial set of free parameter values

p0              = 1
p1              = 1

After 4 iterations the fit converged.
final sum of squares of residuals : 2.86776
rel. change during last iteration : -1.4449e-10

degrees of freedom    (FIT_NDF)                        : 2
rms of residuals      (FIT_STDFIT) = sqrt(WSSR/ndf)    : 1.19745
variance of residuals (reduced chisquare) = WSSR/ndf   : 1.43388

Final set of parameters            Asymptotic Standard Error
=======================            ==========================

p0              = 2.78651          +/- 0.1033       (3.707%)
p1              = 3.09081          +/- 0.05519      (1.786%)


correlation matrix of the fit parameters:

               p0     p1     
p0              1.000 
p1             -0.815  1.000 


*******************************************************************************
Fri Sep 25 21:27:55 2015


FIT:    data read from 'plots/1.dat' u 1:2:3
        format = x:z:s
        #datapoints = 4
function used for fitting: f(x)
fitted parameters initialized with current variable values



 Iteration 0
 WSSR        : 11961             delta(WSSR)/WSSR   : 0
 delta(WSSR) : 0                 limit for stopping : 1e-05
 lambda	  : 15.0042

initial set of free parameter values

p0              = 1
p1              = 1

After 4 iterations the fit converged.
final sum of squares of residuals : 2.86776
rel. change during last iteration : -1.44498e-10

degrees of freedom    (FIT_NDF)                        : 2
rms of residuals      (FIT_STDFIT) = sqrt(WSSR/ndf)    : 1.19745
variance of residuals (reduced chisquare) = WSSR/ndf   : 1.43388

Final set of parameters            Asymptotic Standard Error
=======================            ==========================

p0              = 3.09081          +/- 0.05519      (1.786%)
p1              = 2.78651          +/- 0.1033       (3.707%)


correlation matrix of the fit parameters:

               p0     p1     
p0              1.000 
p1             -0.815  1.000 


*******************************************************************************
Fri Sep 25 21:29:06 2015


FIT:    data read from 'plots/1.dat' u 1:2:3
        format = x:z:s
        #datapoints = 4
function used for fitting: f(x)
fitted parameters initialized with current variable values



 Iteration 0
 WSSR        : 11961             delta(WSSR)/WSSR   : 0
 delta(WSSR) : 0                 limit for stopping : 1e-05
 lambda	  : 15.0042

initial set of free parameter values

p0              = 1
p1              = 1

After 4 iterations the fit converged.
final sum of squares of residuals : 2.86776
rel. change during last iteration : -1.44498e-10

degrees of freedom    (FIT_NDF)                        : 2
rms of residuals      (FIT_STDFIT) = sqrt(WSSR/ndf)    : 1.19745
variance of residuals (reduced chisquare) = WSSR/ndf   : 1.43388

Final set of parameters            Asymptotic Standard Error
=======================            ==========================

p0              = 3.09081          +/- 0.05519      (1.786%)
p1              = 2.78651          +/- 0.1033       (3.707%)


correlation matrix of the fit parameters:

               p0     p1     
p0              1.000 
p1             -0.815  1.000 


*******************************************************************************
Fri Sep 25 21:30:20 2015


FIT:    data read from 'plots/1.dat' u 1:2:3
        format = x:z:s
        #datapoints = 4
function used for fitting: f(x)
fitted parameters initialized with current variable values



 Iteration 0
 WSSR        : 11961             delta(WSSR)/WSSR   : 0
 delta(WSSR) : 0                 limit for stopping : 1e-05
 lambda	  : 15.0042

initial set of free parameter values

p0              = 1
p1              = 1

After 4 iterations the fit converged.
final sum of squares of residuals : 2.86776
rel. change during last iteration : -1.44498e-10

degrees of freedom    (FIT_NDF)                        : 2
rms of residuals      (FIT_STDFIT) = sqrt(WSSR/ndf)    : 1.19745
variance of residuals (reduced chisquare) = WSSR/ndf   : 1.43388

Final set of parameters            Asymptotic Standard Error
=======================            ==========================

p0              = 3.09081          +/- 0.05519      (1.786%)
p1              = 2.78651          +/- 0.1033       (3.707%)


correlation matrix of the fit parameters:

               p0     p1     
p0              1.000 
p1             -0.815  1.000 


*******************************************************************************
Fri Sep 25 22:07:35 2015


FIT:    data read from 'plots/1.dat' u 1:2:3
        format = x:z:s
        #datapoints = 4
function used for fitting: f(x)
fitted parameters initialized with current variable values



 Iteration 0
 WSSR        : 11961             delta(WSSR)/WSSR   : 0
 delta(WSSR) : 0                 limit for stopping : 1e-05
 lambda	  : 15.0042

initial set of free parameter values

p0              = 1
p1              = 1

After 4 iterations the fit converged.
final sum of squares of residuals : 2.86776
rel. change during last iteration : -1.4449e-10

degrees of freedom    (FIT_NDF)                        : 2
rms of residuals      (FIT_STDFIT) = sqrt(WSSR/ndf)    : 1.19745
variance of residuals (reduced chisquare) = WSSR/ndf   : 1.43388

Final set of parameters            Asymptotic Standard Error
=======================            ==========================

p0              = 2.78651          +/- 0.1033       (3.707%)
p1              = 3.09081          +/- 0.05519      (1.786%)


correlation matrix of the fit parameters:

               p0     p1     
p0              1.000 
p1             -0.815  1.000 


*******************************************************************************
Fri Sep 25 22:08:43 2015


FIT:    data read from 'plots/1.dat' u 1:2:3
        format = x:z:s
        #datapoints = 4
function used for fitting: f(x)
fitted parameters initialized with current variable values



 Iteration 0
 WSSR        : 11961             delta(WSSR)/WSSR   : 0
 delta(WSSR) : 0                 limit for stopping : 1e-05
 lambda	  : 15.0042

initial set of free parameter values

p0              = 1
p1              = 1

After 4 iterations the fit converged.
final sum of squares of residuals : 2.86776
rel. change during last iteration : -1.4449e-10

degrees of freedom    (FIT_NDF)                        : 2
rms of residuals      (FIT_STDFIT) = sqrt(WSSR/ndf)    : 1.19745
variance of residuals (reduced chisquare) = WSSR/ndf   : 1.43388

Final set of parameters            Asymptotic Standard Error
=======================            ==========================

p0              = 2.78651          +/- 0.1033       (3.707%)
p1              = 3.09081          +/- 0.05519      (1.786%)


correlation matrix of the fit parameters:

               p0     p1     
p0              1.000 
p1             -0.815  1.000 


*******************************************************************************
Fri Sep 25 22:09:27 2015


FIT:    data read from 'plots/1.dat' u 1:2:3
        format = x:z:s
        #datapoints = 4
function used for fitting: f(x)
fitted parameters initialized with current variable values



 Iteration 0
 WSSR        : 11961             delta(WSSR)/WSSR   : 0
 delta(WSSR) : 0                 limit for stopping : 1e-05
 lambda	  : 15.0042

initial set of free parameter values

p0              = 1
p1              = 1

After 4 iterations the fit converged.
final sum of squares of residuals : 2.86776
rel. change during last iteration : -1.44498e-10

degrees of freedom    (FIT_NDF)                        : 2
rms of residuals      (FIT_STDFIT) = sqrt(WSSR/ndf)    : 1.19745
variance of residuals (reduced chisquare) = WSSR/ndf   : 1.43388

Final set of parameters            Asymptotic Standard Error
=======================            ==========================

p0              = 3.09081          +/- 0.05519      (1.786%)
p1              = 2.78651          +/- 0.1033       (3.707%)


correlation matrix of the fit parameters:

               p0     p1     
p0              1.000 
p1             -0.815  1.000 


*******************************************************************************
Fri Sep 25 22:09:44 2015


FIT:    data read from 'plots/1.dat' u 1:2:3
        format = x:z:s
        #datapoints = 4
function used for fitting: f(x)
fitted parameters initialized with current variable values



 Iteration 0
 WSSR        : 11961             delta(WSSR)/WSSR   : 0
 delta(WSSR) : 0                 limit for stopping : 1e-05
 lambda	  : 15.0042

initial set of free parameter values

p0              = 1
p1              = 1

After 4 iterations the fit converged.
final sum of squares of residuals : 2.86776
rel. change during last iteration : -1.4449e-10

degrees of freedom    (FIT_NDF)                        : 2
rms of residuals      (FIT_STDFIT) = sqrt(WSSR/ndf)    : 1.19745
variance of residuals (reduced chisquare) = WSSR/ndf   : 1.43388

Final set of parameters            Asymptotic Standard Error
=======================            ==========================

p0              = 2.78651          +/- 0.1033       (3.707%)
p1              = 3.09081          +/- 0.05519      (1.786%)


correlation matrix of the fit parameters:

               p0     p1     
p0              1.000 
p1             -0.815  1.000 


*******************************************************************************
Fri Sep 25 22:10:35 2015


FIT:    data read from 'plots/1.dat' u 1:2:3
        format = x:z:s
        #datapoints = 4
function used for fitting: f(x)
fitted parameters initialized with current variable values



 Iteration 0
 WSSR        : 11961             delta(WSSR)/WSSR   : 0
 delta(WSSR) : 0                 limit for stopping : 1e-05
 lambda	  : 15.0042

initial set of free parameter values

p0              = 1
p1              = 1

After 4 iterations the fit converged.
final sum of squares of residuals : 2.86776
rel. change during last iteration : -1.44498e-10

degrees of freedom    (FIT_NDF)                        : 2
rms of residuals      (FIT_STDFIT) = sqrt(WSSR/ndf)    : 1.19745
variance of residuals (reduced chisquare) = WSSR/ndf   : 1.43388

Final set of parameters            Asymptotic Standard Error
=======================            ==========================

p0              = 3.09081          +/- 0.05519      (1.786%)
p1              = 2.78651          +/- 0.1033       (3.707%)


correlation matrix of the fit parameters:

               p0     p1     
p0              1.000 
p1             -0.815  1.000 


*******************************************************************************
Fri Sep 25 22:10:54 2015


FIT:    data read from 'plots/1.dat' u 1:2:3
        format = x:z:s
        #datapoints = 4
function used for fitting: f(x)
fitted parameters initialized with current variable values



 Iteration 0
 WSSR        : 11961             delta(WSSR)/WSSR   : 0
 delta(WSSR) : 0                 limit for stopping : 1e-05
 lambda	  : 15.0042

initial set of free parameter values

p0              = 1
p1              = 1

After 4 iterations the fit converged.
final sum of squares of residuals : 2.86776
rel. change during last iteration : -1.44498e-10

degrees of freedom    (FIT_NDF)                        : 2
rms of residuals      (FIT_STDFIT) = sqrt(WSSR/ndf)    : 1.19745
variance of residuals (reduced chisquare) = WSSR/ndf   : 1.43388

Final set of parameters            Asymptotic Standard Error
=======================            ==========================

p0              = 3.09081          +/- 0.05519      (1.786%)
p1              = 2.78651          +/- 0.1033       (3.707%)


correlation matrix of the fit parameters:

               p0     p1     
p0              1.000 
p1             -0.815  1.000 


*******************************************************************************
Fri Sep 25 22:12:56 2015


FIT:    data read from 'plots/1.dat' u 1:2:3
        format = x:z:s
        #datapoints = 4
function used for fitting: f(x)
fitted parameters initialized with current variable values



 Iteration 0
 WSSR        : 11961             delta(WSSR)/WSSR   : 0
 delta(WSSR) : 0                 limit for stopping : 1e-05
 lambda	  : 15.0042

initial set of free parameter values

p0              = 1
p1              = 1

After 4 iterations the fit converged.
final sum of squares of residuals : 2.86776
rel. change during last iteration : -1.44498e-10

degrees of freedom    (FIT_NDF)                        : 2
rms of residuals      (FIT_STDFIT) = sqrt(WSSR/ndf)    : 1.19745
variance of residuals (reduced chisquare) = WSSR/ndf   : 1.43388

Final set of parameters            Asymptotic Standard Error
=======================            ==========================

p0              = 3.09081          +/- 0.05519      (1.786%)
p1              = 2.78651          +/- 0.1033       (3.707%)


correlation matrix of the fit parameters:

               p0     p1     
p0              1.000 
p1             -0.815  1.000 


*******************************************************************************
Fri Sep 25 22:13:56 2015


FIT:    data read from 'plots/1.dat' u 1:2:3
        format = x:z:s
        #datapoints = 4
function used for fitting: f(x)
fitted parameters initialized with current variable values



 Iteration 0
 WSSR        : 11961             delta(WSSR)/WSSR   : 0
 delta(WSSR) : 0                 limit for stopping : 1e-05
 lambda	  : 15.0042

initial set of free parameter values

p0              = 1
p1              = 1

After 4 iterations the fit converged.
final sum of squares of residuals : 2.86776
rel. change during last iteration : -1.44498e-10

degrees of freedom    (FIT_NDF)                        : 2
rms of residuals      (FIT_STDFIT) = sqrt(WSSR/ndf)    : 1.19745
variance of residuals (reduced chisquare) = WSSR/ndf   : 1.43388

Final set of parameters            Asymptotic Standard Error
=======================            ==========================

p0              = 3.09081          +/- 0.05519      (1.786%)
p1              = 2.78651          +/- 0.1033       (3.707%)


correlation matrix of the fit parameters:

               p0     p1     
p0              1.000 
p1             -0.815  1.000 


*******************************************************************************
Fri Sep 25 22:14:27 2015


FIT:    data read from 'plots/1.dat' u 1:2:3
        format = x:z:s
        #datapoints = 4
function used for fitting: f(x)
fitted parameters initialized with current variable values



 Iteration 0
 WSSR        : 11961             delta(WSSR)/WSSR   : 0
 delta(WSSR) : 0                 limit for stopping : 1e-05
 lambda	  : 15.0042

initial set of free parameter values

p0              = 1
p1              = 1

After 4 iterations the fit converged.
final sum of squares of residuals : 2.86776
rel. change during last iteration : -1.4449e-10

degrees of freedom    (FIT_NDF)                        : 2
rms of residuals      (FIT_STDFIT) = sqrt(WSSR/ndf)    : 1.19745
variance of residuals (reduced chisquare) = WSSR/ndf   : 1.43388

Final set of parameters            Asymptotic Standard Error
=======================            ==========================

p0              = 2.78651          +/- 0.1033       (3.707%)
p1              = 3.09081          +/- 0.05519      (1.786%)


correlation matrix of the fit parameters:

               p0     p1     
p0              1.000 
p1             -0.815  1.000 


*******************************************************************************
Fri Sep 25 22:15:23 2015


FIT:    data read from 'plots/1.dat' u 1:2:3
        format = x:z:s
        #datapoints = 4
function used for fitting: f(x)
fitted parameters initialized with current variable values



 Iteration 0
 WSSR        : 11961             delta(WSSR)/WSSR   : 0
 delta(WSSR) : 0                 limit for stopping : 1e-05
 lambda	  : 15.0042

initial set of free parameter values

p0              = 1
p1              = 1

After 4 iterations the fit converged.
final sum of squares of residuals : 2.86776
rel. change during last iteration : -1.44498e-10

degrees of freedom    (FIT_NDF)                        : 2
rms of residuals      (FIT_STDFIT) = sqrt(WSSR/ndf)    : 1.19745
variance of residuals (reduced chisquare) = WSSR/ndf   : 1.43388

Final set of parameters            Asymptotic Standard Error
=======================            ==========================

p0              = 3.09081          +/- 0.05519      (1.786%)
p1              = 2.78651          +/- 0.1033       (3.707%)


correlation matrix of the fit parameters:

               p0     p1     
p0              1.000 
p1             -0.815  1.000 


*******************************************************************************
Fri Sep 25 22:16:55 2015


FIT:    data read from 'plots/1.dat' u 1:2:3
        format = x:z:s
        #datapoints = 4
function used for fitting: f(x)
fitted parameters initialized with current variable values



 Iteration 0
 WSSR        : 11961             delta(WSSR)/WSSR   : 0
 delta(WSSR) : 0                 limit for stopping : 1e-05
 lambda	  : 15.0042

initial set of free parameter values

p0              = 1
p1              = 1

After 4 iterations the fit converged.
final sum of squares of residuals : 2.86776
rel. change during last iteration : -1.44498e-10

degrees of freedom    (FIT_NDF)                        : 2
rms of residuals      (FIT_STDFIT) = sqrt(WSSR/ndf)    : 1.19745
variance of residuals (reduced chisquare) = WSSR/ndf   : 1.43388

Final set of parameters            Asymptotic Standard Error
=======================            ==========================

p0              = 3.09081          +/- 0.05519      (1.786%)
p1              = 2.78651          +/- 0.1033       (3.707%)


correlation matrix of the fit parameters:

               p0     p1     
p0              1.000 
p1             -0.815  1.000 


*******************************************************************************
Fri Sep 25 22:17:09 2015


FIT:    data read from 'plots/1.dat' u 1:2:3
        format = x:z:s
        #datapoints = 4
function used for fitting: f(x)
fitted parameters initialized with current variable values



 Iteration 0
 WSSR        : 11961             delta(WSSR)/WSSR   : 0
 delta(WSSR) : 0                 limit for stopping : 1e-05
 lambda	  : 15.0042

initial set of free parameter values

p0              = 1
p1              = 1

After 4 iterations the fit converged.
final sum of squares of residuals : 2.86776
rel. change during last iteration : -1.4449e-10

degrees of freedom    (FIT_NDF)                        : 2
rms of residuals      (FIT_STDFIT) = sqrt(WSSR/ndf)    : 1.19745
variance of residuals (reduced chisquare) = WSSR/ndf   : 1.43388

Final set of parameters            Asymptotic Standard Error
=======================            ==========================

p0              = 2.78651          +/- 0.1033       (3.707%)
p1              = 3.09081          +/- 0.05519      (1.786%)


correlation matrix of the fit parameters:

               p0     p1     
p0              1.000 
p1             -0.815  1.000 


*******************************************************************************
Fri Sep 25 22:17:40 2015


FIT:    data read from 'plots/1.dat' u 1:2:3
        format = x:z:s
        #datapoints = 4
function used for fitting: f(x)
fitted parameters initialized with current variable values



 Iteration 0
 WSSR        : 11961             delta(WSSR)/WSSR   : 0
 delta(WSSR) : 0                 limit for stopping : 1e-05
 lambda	  : 15.0042

initial set of free parameter values

p0              = 1
p1              = 1

After 4 iterations the fit converged.
final sum of squares of residuals : 2.86776
rel. change during last iteration : -1.4449e-10

degrees of freedom    (FIT_NDF)                        : 2
rms of residuals      (FIT_STDFIT) = sqrt(WSSR/ndf)    : 1.19745
variance of residuals (reduced chisquare) = WSSR/ndf   : 1.43388

Final set of parameters            Asymptotic Standard Error
=======================            ==========================

p0              = 2.78651          +/- 0.1033       (3.707%)
p1              = 3.09081          +/- 0.05519      (1.786%)


correlation matrix of the fit parameters:

               p0     p1     
p0              1.000 
p1             -0.815  1.000 


*******************************************************************************
Fri Sep 25 22:17:57 2015


FIT:    data read from 'plots/1.dat' u 1:2:3
        format = x:z:s
        #datapoints = 4
function used for fitting: f(x)
fitted parameters initialized with current variable values



 Iteration 0
 WSSR        : 11961             delta(WSSR)/WSSR   : 0
 delta(WSSR) : 0                 limit for stopping : 1e-05
 lambda	  : 15.0042

initial set of free parameter values

p0              = 1
p1              = 1

After 4 iterations the fit converged.
final sum of squares of residuals : 2.86776
rel. change during last iteration : -1.44498e-10

degrees of freedom    (FIT_NDF)                        : 2
rms of residuals      (FIT_STDFIT) = sqrt(WSSR/ndf)    : 1.19745
variance of residuals (reduced chisquare) = WSSR/ndf   : 1.43388

Final set of parameters            Asymptotic Standard Error
=======================            ==========================

p0              = 3.09081          +/- 0.05519      (1.786%)
p1              = 2.78651          +/- 0.1033       (3.707%)


correlation matrix of the fit parameters:

               p0     p1     
p0              1.000 
p1             -0.815  1.000 


*******************************************************************************
Sat Sep 26 00:37:32 2015


FIT:    data read from 'plots/1.dat' u 1:2:3
        format = x:z:s
        #datapoints = 4
function used for fitting: f(x)
fitted parameters initialized with current variable values



 Iteration 0
 WSSR        : 11961             delta(WSSR)/WSSR   : 0
 delta(WSSR) : 0                 limit for stopping : 1e-05
 lambda	  : 15.0042

initial set of free parameter values

p0              = 1
p1              = 1

After 4 iterations the fit converged.
final sum of squares of residuals : 2.86776
rel. change during last iteration : -1.44498e-10

degrees of freedom    (FIT_NDF)                        : 2
rms of residuals      (FIT_STDFIT) = sqrt(WSSR/ndf)    : 1.19745
variance of residuals (reduced chisquare) = WSSR/ndf   : 1.43388

Final set of parameters            Asymptotic Standard Error
=======================            ==========================

p0              = 3.09081          +/- 0.05519      (1.786%)
p1              = 2.78651          +/- 0.1033       (3.707%)


correlation matrix of the fit parameters:

               p0     p1     
p0              1.000 
p1             -0.815  1.000 


*******************************************************************************
Sat Sep 26 00:37:55 2015


FIT:    data read from 'plots/1.dat' u 1:2:3
        format = x:z:s
        #datapoints = 4
function used for fitting: f(x)
fitted parameters initialized with current variable values



 Iteration 0
 WSSR        : 11961             delta(WSSR)/WSSR   : 0
 delta(WSSR) : 0                 limit for stopping : 1e-05
 lambda	  : 15.0042

initial set of free parameter values

p0              = 1
p1              = 1

After 4 iterations the fit converged.
final sum of squares of residuals : 2.86776
rel. change during last iteration : -1.44498e-10

degrees of freedom    (FIT_NDF)                        : 2
rms of residuals      (FIT_STDFIT) = sqrt(WSSR/ndf)    : 1.19745
variance of residuals (reduced chisquare) = WSSR/ndf   : 1.43388

Final set of parameters            Asymptotic Standard Error
=======================            ==========================

p0              = 3.09081          +/- 0.05519      (1.786%)
p1              = 2.78651          +/- 0.1033       (3.707%)


correlation matrix of the fit parameters:

               p0     p1     
p0              1.000 
p1             -0.815  1.000 


*******************************************************************************
Sat Sep 26 00:45:21 2015


FIT:    data read from 'plots/1.dat' u 1:2:3
        format = x:z:s
        #datapoints = 11
function used for fitting: f(x)
fitted parameters initialized with current variable values



 Iteration 0
 WSSR        : 3.36275e+06       delta(WSSR)/WSSR   : 0
 delta(WSSR) : 0                 limit for stopping : 1e-05
 lambda	  : 497.631

initial set of free parameter values

p0              = 1
p1              = 1

After 8 iterations the fit converged.
final sum of squares of residuals : 62.5425
rel. change during last iteration : -5.52968e-11

degrees of freedom    (FIT_NDF)                        : 9
rms of residuals      (FIT_STDFIT) = sqrt(WSSR/ndf)    : 2.63613
variance of residuals (reduced chisquare) = WSSR/ndf   : 6.94917

Final set of parameters            Asymptotic Standard Error
=======================            ==========================

p0              = 7030.82          +/- 40.9         (0.5818%)
p1              = 1.49191          +/- 0.001932     (0.1295%)


correlation matrix of the fit parameters:

               p0     p1     
p0              1.000 
p1             -0.811  1.000 


*******************************************************************************
Sat Sep 26 02:00:27 2015


FIT:    data read from 'plots/1.dat' u 1:2:3
        format = x:z:s
        #datapoints = 11
function used for fitting: f(x)
fitted parameters initialized with current variable values



 Iteration 0
 WSSR        : 285936            delta(WSSR)/WSSR   : 0
 delta(WSSR) : 0                 limit for stopping : 1e-05
 lambda	  : 192.384

initial set of free parameter values

p0              = 1
p1              = 1

After 8 iterations the fit converged.
final sum of squares of residuals : 27.3851
rel. change during last iteration : -5.49838e-10

degrees of freedom    (FIT_NDF)                        : 9
rms of residuals      (FIT_STDFIT) = sqrt(WSSR/ndf)    : 1.74436
variance of residuals (reduced chisquare) = WSSR/ndf   : 3.04279

Final set of parameters            Asymptotic Standard Error
=======================            ==========================

p0              = 6951.75          +/- 106.4        (1.531%)
p1              = 1.49435          +/- 0.002327     (0.1557%)


correlation matrix of the fit parameters:

               p0     p1     
p0              1.000 
p1             -0.557  1.000 


*******************************************************************************
Sun Sep 27 17:37:49 2015


FIT:    data read from 'plots/1.dat' u 1:2:3
        format = x:z:s
        #datapoints = 11
function used for fitting: f(x)
fitted parameters initialized with current variable values



 Iteration 0
 WSSR        : 5.59807e+07       delta(WSSR)/WSSR   : 0
 delta(WSSR) : 0                 limit for stopping : 1e-05
 lambda	  : 1898.75

initial set of free parameter values

p0              = 1
p1              = 1

After 3 iterations the fit converged.
final sum of squares of residuals : 13004.4
rel. change during last iteration : -3.16631e-06

degrees of freedom    (FIT_NDF)                        : 9
rms of residuals      (FIT_STDFIT) = sqrt(WSSR/ndf)    : 38.0123
variance of residuals (reduced chisquare) = WSSR/ndf   : 1444.94

Final set of parameters            Asymptotic Standard Error
=======================            ==========================

p0              = 0.159982         +/- 0.005138     (3.212%)
p1              = 1.00523          +/- 2319         (2.307e+05%)


correlation matrix of the fit parameters:

               p0     p1     
p0              1.000 
p1             -0.557  1.000 


*******************************************************************************
Sun Sep 27 17:45:29 2015


FIT:    data read from 'plots/1.dat' u 1:2:3
        format = x:z:s
        #datapoints = 11
function used for fitting: f(x)
fitted parameters initialized with current variable values



 Iteration 0
 WSSR        : 5.59807e+07       delta(WSSR)/WSSR   : 0
 delta(WSSR) : 0                 limit for stopping : 1e-05
 lambda	  : 1898.75

initial set of free parameter values

p0              = 1
p1              = 1

After 3 iterations the fit converged.
final sum of squares of residuals : 13004.4
rel. change during last iteration : -3.16631e-06

degrees of freedom    (FIT_NDF)                        : 9
rms of residuals      (FIT_STDFIT) = sqrt(WSSR/ndf)    : 38.0123
variance of residuals (reduced chisquare) = WSSR/ndf   : 1444.94

Final set of parameters            Asymptotic Standard Error
=======================            ==========================

p0              = 0.159982         +/- 0.005138     (3.212%)
p1              = 1.00523          +/- 2319         (2.307e+05%)


correlation matrix of the fit parameters:

               p0     p1     
p0              1.000 
p1             -0.557  1.000 


*******************************************************************************
Sun Sep 27 17:46:15 2015


FIT:    data read from 'plots/1.dat' u 1:2:3
        format = x:z:s
        #datapoints = 11
function used for fitting: f(x)
fitted parameters initialized with current variable values



 Iteration 0
 WSSR        : 5.59807e+07       delta(WSSR)/WSSR   : 0
 delta(WSSR) : 0                 limit for stopping : 1e-05
 lambda	  : 1898.75

initial set of free parameter values

p0              = 1
p1              = 1

After 3 iterations the fit converged.
final sum of squares of residuals : 13004.4
rel. change during last iteration : -3.16631e-06

degrees of freedom    (FIT_NDF)                        : 9
rms of residuals      (FIT_STDFIT) = sqrt(WSSR/ndf)    : 38.0123
variance of residuals (reduced chisquare) = WSSR/ndf   : 1444.94

Final set of parameters            Asymptotic Standard Error
=======================            ==========================

p0              = 0.159982         +/- 0.005138     (3.212%)
p1              = 1.00523          +/- 2319         (2.307e+05%)


correlation matrix of the fit parameters:

               p0     p1     
p0              1.000 
p1             -0.557  1.000 


*******************************************************************************
Sun Sep 27 17:46:21 2015


FIT:    data read from 'plots/1.dat' u 1:2:3
        format = x:z:s
        #datapoints = 11
function used for fitting: f(x)
fitted parameters initialized with current variable values



 Iteration 0
 WSSR        : 5.59807e+07       delta(WSSR)/WSSR   : 0
 delta(WSSR) : 0                 limit for stopping : 1e-05
 lambda	  : 1898.75

initial set of free parameter values

p0              = 1
p1              = 1

After 3 iterations the fit converged.
final sum of squares of residuals : 13004.4
rel. change during last iteration : -3.16631e-06

degrees of freedom    (FIT_NDF)                        : 9
rms of residuals      (FIT_STDFIT) = sqrt(WSSR/ndf)    : 38.0123
variance of residuals (reduced chisquare) = WSSR/ndf   : 1444.94

Final set of parameters            Asymptotic Standard Error
=======================            ==========================

p0              = 1.00523          +/- 2319         (2.307e+05%)
p1              = 0.159982         +/- 0.005138     (3.212%)


correlation matrix of the fit parameters:

               p0     p1     
p0              1.000 
p1             -0.557  1.000 
